lerna(verbose) GitUtilities.isInitialized    ()
lerna(verbose) GitUtilities.isInitialized    () => true
lerna(verbose) GitUtilities.getTopLevelDirectory()
lerna(verbose) GitUtilities.getTopLevelDirectory() => "."
lerna(verbose) FileSystemUtilities.existsSync("./lerna.json")
lerna(verbose) FileSystemUtilities.existsSync("./lerna.json") => true
lerna(verbose) FileSystemUtilities.readFileSync("./lerna.json")
lerna(verbose) FileSystemUtilities.readFileSync("./lerna.json") => "{\n  \"lerna\": \"2.0.0-beta.32\",\n  \"packages\": [\n    \"packages/*\"\n  ],\n  \"version\": \"0.0.0\"\n}"
lerna(verbose) FileSystemUtilities.existsSync("./package.json")
lerna(verbose) FileSystemUtilities.existsSync("./package.json") => true
lerna(verbose) FileSystemUtilities.readFileSync("./package.json")
lerna(verbose) FileSystemUtilities.readFileSync("./package.json") => "{\n  \"devDependencies\": {\n    \"lerna\": \"2.0.0-beta.32\"\n  }\n}"
lerna(info)    Lerna v2.0.0-beta.32
lerna(verbose) FileSystemUtilities.existsSync("./package.json")
lerna(verbose) FileSystemUtilities.existsSync("./package.json") => true
lerna(verbose) FileSystemUtilities.existsSync("./lerna.json")
lerna(verbose) FileSystemUtilities.existsSync("./lerna.json") => true
lerna(verbose) FileSystemUtilities.existsSync("./VERSION")
lerna(verbose) FileSystemUtilities.existsSync("./VERSION") => false
lerna(verbose) FileSystemUtilities.existsSync("./packages/atrix/package.json")
lerna(verbose) FileSystemUtilities.existsSync("./packages/atrix/package.json") => true
lerna(verbose) FileSystemUtilities.existsSync("./packages/examples/package.json")
lerna(verbose) FileSystemUtilities.existsSync("./packages/examples/package.json") => true
lerna(verbose) Attempting running RunCommand.initialize
lerna(verbose) Successfully ran RunCommand.initialize
lerna(verbose) Attempting running RunCommand.execute
lerna(verbose) NpmUtilities.runScriptInDir   ("test", [], "./packages/atrix")
lerna(verbose) NpmUtilities.execInDir        ("run test", [], "./packages/atrix")
lerna(verbose) NpmUtilities.runScriptInDir   ("test", [], "./packages/examples")
lerna(verbose) NpmUtilities.execInDir        ("run test", [], "./packages/examples")
lerna(error)   NpmUtilities.execInDir        ("run test", [], "./packages/examples")
    Error: Command failed: npm run test 
    
    npm ERR! Darwin 16.3.0
    npm ERR! argv "/Users/animal/.nvm/versions/node/v7.4.0/bin/node" "/Users/animal/.nvm/versions/node/v7.4.0/bin/npm" "run" "test"
    npm ERR! node v7.4.0
    npm ERR! npm  v4.0.5
    npm ERR! code ELIFECYCLE
    npm ERR! @trigo/atrix-examples@1.0.0 test: `echo "Error: no test specified" && exit 1`
    npm ERR! Exit status 1
    npm ERR! 
    npm ERR! Failed at the @trigo/atrix-examples@1.0.0 test script 'echo "Error: no test specified" && exit 1'.
    npm ERR! Make sure you have the latest version of node.js and npm installed.
    npm ERR! If you do, this is most likely a problem with the @trigo/atrix-examples package,
    npm ERR! not with npm itself.
    npm ERR! Tell the author that this fails on your system:
    npm ERR!     echo "Error: no test specified" && exit 1
    npm ERR! You can get information on how to open an issue for this project with:
    npm ERR!     npm bugs @trigo/atrix-examples
    npm ERR! Or if that isn't available, you can get their info via:
    npm ERR!     npm owner ls @trigo/atrix-examples
    npm ERR! There is likely additional logging output above.
    
    npm ERR! Please include the following file with any support request:
    npm ERR!     /Users/animal/Devel/trigo/atrix/packages/examples/npm-debug.log
    
        at ChildProcess.exithandler (child_process.js:211:12)
        at emitTwo (events.js:106:13)
        at ChildProcess.emit (events.js:191:7)
        at maybeClose (internal/child_process.js:885:16)
        at Socket.<anonymous> (internal/child_process.js:334:11)
        at emitOne (events.js:96:13)
        at Socket.emit (events.js:188:7)
        at Pipe._handle.close [as _onclose] (net.js:501:12)
lerna(error)   NpmUtilities.runScriptInDir   ("test", [], "./packages/examples")
lerna(info)    
> @trigo/atrix-examples@1.0.0 test /Users/animal/Devel/trigo/atrix/packages/examples
> echo "Error: no test specified" && exit 1

Error: no test specified

lerna(error)   Errored while running npm script 'test' in '@trigo/atrix-examples'
lerna(error)   Errored while running RunCommand.execute
